2026-05-18 20:31:55.634 INFO  2844 --- [main] com.ntalk.choi.NtalkApplicationTests : Starting NtalkApplicationTests using Java 17.0.12 with PID 2844 (started by jkljkl in C:\Dev_ntalk_project\ntalk)
2026-05-18 20:31:55.642 INFO  2844 --- [main] com.ntalk.choi.NtalkApplicationTests : No active profile set, falling back to 1 default profile: "default"
2026-05-18 20:31:57.436 INFO  2844 --- [main] o.s.cloud.context.scope.GenericScope : BeanFactory id=427ab0f7-6e4e-34ce-9244-1eb9696f2aef
2026-05-18 20:31:58.664 INFO  2844 --- [main] o.s.b.w.a.WelcomePageHandlerMapping : Adding welcome page template: index
2026-05-18 20:31:59.805 WARN  2844 --- [main] o.s.c.l.c.LoadBalancerCacheAutoConfiguration$LoadBalancerCaffeineWarnLogger : Spring Cloud LoadBalancer is currently working with the default cache. While this cache implementation is useful for development and tests, it's recommended to use Caffeine cache in production.You can switch to using Caffeine cache, by adding it and org.springframework.cache.caffeine.CaffeineCacheManager to the classpath.
2026-05-18 20:31:59.838 INFO  2844 --- [main] com.ntalk.choi.NtalkApplicationTests : Started NtalkApplicationTests in 4.956 seconds (process running for 7.189)
2026-05-18 20:32:21.830 INFO  26472 --- [restartedMain] com.ntalk.choi.NtalkApplication : Starting NtalkApplication using Java 17.0.12 with PID 26472 (C:\Dev_ntalk_project\ntalk\target\classes started by jkljkl in C:\Dev_ntalk_project\ntalk)
2026-05-18 20:32:21.833 INFO  26472 --- [restartedMain] com.ntalk.choi.NtalkApplication : No active profile set, falling back to 1 default profile: "default"
2026-05-18 20:32:21.894 INFO  26472 --- [restartedMain] o.s.b.d.e.DevToolsPropertyDefaultsPostProcessor : Devtools property defaults active! Set 'spring.devtools.add-properties' to 'false' to disable
2026-05-18 20:32:21.894 INFO  26472 --- [restartedMain] o.s.b.d.e.DevToolsPropertyDefaultsPostProcessor : For additional web related logging consider setting the 'logging.level.web' property to 'DEBUG'
2026-05-18 20:32:22.820 INFO  26472 --- [restartedMain] o.s.cloud.context.scope.GenericScope : BeanFactory id=0f82416e-8fe8-320d-828a-0a22a24a2ccb
2026-05-18 20:32:23.283 INFO  26472 --- [restartedMain] o.s.boot.tomcat.TomcatWebServer : Tomcat initialized with port 8080 (http)
2026-05-18 20:32:23.298 INFO  26472 --- [restartedMain] o.a.coyote.http11.Http11NioProtocol : Initializing ProtocolHandler ["http-nio-8080"]
2026-05-18 20:32:23.300 INFO  26472 --- [restartedMain] o.apache.catalina.core.StandardService : Starting service [Tomcat]
2026-05-18 20:32:23.301 INFO  26472 --- [restartedMain] o.apache.catalina.core.StandardEngine : Starting Servlet engine: [Apache Tomcat/11.0.20]
2026-05-18 20:32:23.355 INFO  26472 --- [restartedMain] o.s.b.w.c.s.WebApplicationContextInitializer : Root WebApplicationContext: initialization completed in 1460 ms
2026-05-18 20:32:23.792 INFO  26472 --- [restartedMain] o.s.b.w.a.WelcomePageHandlerMapping : Adding welcome page template: index
2026-05-18 20:32:24.324 WARN  26472 --- [restartedMain] o.s.c.l.c.LoadBalancerCacheAutoConfiguration$LoadBalancerCaffeineWarnLogger : Spring Cloud LoadBalancer is currently working with the default cache. While this cache implementation is useful for development and tests, it's recommended to use Caffeine cache in production.You can switch to using Caffeine cache, by adding it and org.springframework.cache.caffeine.CaffeineCacheManager to the classpath.
2026-05-18 20:32:24.369 INFO  26472 --- [restartedMain] o.a.coyote.http11.Http11NioProtocol : Starting ProtocolHandler ["http-nio-8080"]
2026-05-18 20:32:24.406 INFO  26472 --- [restartedMain] o.s.boot.tomcat.TomcatWebServer : Tomcat started on port 8080 (http) with context path '/'
2026-05-18 20:32:24.552 INFO  26472 --- [restartedMain] com.ntalk.choi.NtalkApplication : Started NtalkApplication in 3.386 seconds (process running for 4.342)
2026-05-18 20:32:41.638 INFO  26472 --- [http-nio-8080-exec-1] o.a.c.c.C.[Tomcat].[localhost].[/] : Initializing Spring DispatcherServlet 'dispatcherServlet'
2026-05-18 20:32:41.639 INFO  26472 --- [http-nio-8080-exec-1] o.s.web.servlet.DispatcherServlet : Initializing Servlet 'dispatcherServlet'
2026-05-18 20:32:41.642 INFO  26472 --- [http-nio-8080-exec-1] o.s.web.servlet.DispatcherServlet : Completed initialization in 1 ms
2026-05-18 20:32:58.836 INFO  26472 --- [http-nio-8080-exec-6] com.zaxxer.hikari.HikariDataSource : HikariPool-1 - Starting...
2026-05-18 20:32:59.808 INFO  26472 --- [http-nio-8080-exec-6] com.zaxxer.hikari.pool.HikariPool : HikariPool-1 - Added connection org.postgresql.jdbc.PgConnection@4125b6fe
2026-05-18 20:32:59.814 INFO  26472 --- [http-nio-8080-exec-6] com.zaxxer.hikari.HikariDataSource : HikariPool-1 - Start completed.
2026-05-18 20:35:09.589 ERROR 26472 --- [http-nio-8080-exec-5] c.n.c.c.common.GlobalExceptionHandler : Unhandled Exception caught in GlobalExceptionHandler: 
org.springframework.web.servlet.resource.NoResourceFoundException: No static resource admin/settings for request '/admin/settings'.
	at org.springframework.web.servlet.resource.ResourceHttpRequestHandler.handleRequest(ResourceHttpRequestHandler.java:527)
	at org.springframework.web.servlet.mvc.HttpRequestHandlerAdapter.handle(HttpRequestHandlerAdapter.java:50)
	at org.springframework.web.servlet.DispatcherServlet.doDispatch(DispatcherServlet.java:963)
	at org.springframework.web.servlet.DispatcherServlet.doService(DispatcherServlet.java:866)
	at org.springframework.web.servlet.FrameworkServlet.processRequest(FrameworkServlet.java:1000)
	at org.springframework.web.servlet.FrameworkServlet.doGet(FrameworkServlet.java:892)
	at jakarta.servlet.http.HttpServlet.service(HttpServlet.java:622)
	at org.springframework.web.servlet.FrameworkServlet.service(FrameworkServlet.java:874)
	at jakarta.servlet.http.HttpServlet.service(HttpServlet.java:710)
	at org.apache.catalina.core.ApplicationFilterChain.doFilter(ApplicationFilterChain.java:128)
	at org.apache.tomcat.websocket.server.WsFilter.doFilter(WsFilter.java:53)
	at org.apache.catalina.core.ApplicationFilterChain.doFilter(ApplicationFilterChain.java:107)
	at org.springframework.web.filter.RequestContextFilter.doFilterInternal(RequestContextFilter.java:100)
	at org.springframework.web.filter.OncePerRequestFilter.doFilter(OncePerRequestFilter.java:116)
	at org.apache.catalina.core.ApplicationFilterChain.doFilter(ApplicationFilterChain.java:107)
	at org.springframework.web.filter.FormContentFilter.doFilterInternal(FormContentFilter.java:93)
	at org.springframework.web.filter.OncePerRequestFilter.doFilter(OncePerRequestFilter.java:116)
	at org.apache.catalina.core.ApplicationFilterChain.doFilter(ApplicationFilterChain.java:107)
	at org.springframework.web.filter.CharacterEncodingFilter.doFilterInternal(CharacterEncodingFilter.java:199)
	at org.springframework.web.filter.OncePerRequestFilter.doFilter(OncePerRequestFilter.java:116)
	at org.apache.catalina.core.ApplicationFilterChain.doFilter(ApplicationFilterChain.java:107)
	at org.apache.catalina.core.StandardWrapperValve.invoke(StandardWrapperValve.java:165)
	at org.apache.catalina.core.StandardContextValve.invoke(StandardContextValve.java:77)
	at org.apache.catalina.authenticator.AuthenticatorBase.invoke(AuthenticatorBase.java:492)
	at org.apache.catalina.core.StandardHostValve.invoke(StandardHostValve.java:113)
	at org.apache.catalina.valves.ErrorReportValve.invoke(ErrorReportValve.java:83)
	at org.apache.catalina.core.StandardEngineValve.invoke(StandardEngineValve.java:72)
	at org.apache.catalina.connector.CoyoteAdapter.service(CoyoteAdapter.java:341)
	at org.apache.coyote.http11.Http11Processor.service(Http11Processor.java:397)
	at org.apache.coyote.AbstractProcessorLight.process(AbstractProcessorLight.java:63)
	at org.apache.coyote.AbstractProtocol$ConnectionHandler.process(AbstractProtocol.java:903)
	at org.apache.tomcat.util.net.NioEndpoint$SocketProcessor.doRun(NioEndpoint.java:1779)
	at org.apache.tomcat.util.net.SocketProcessorBase.run(SocketProcessorBase.java:52)
	at org.apache.tomcat.util.threads.ThreadPoolExecutor.runWorker(ThreadPoolExecutor.java:946)
	at org.apache.tomcat.util.threads.ThreadPoolExecutor$Worker.run(ThreadPoolExecutor.java:480)
	at org.apache.tomcat.util.threads.TaskThread$WrappingRunnable.run(TaskThread.java:57)
	at java.base/java.lang.Thread.run(Thread.java:842)
2026-05-18 20:35:09.606 WARN  26472 --- [http-nio-8080-exec-5] o.s.w.s.m.m.a.ExceptionHandlerExceptionResolver : Resolved [org.springframework.web.servlet.resource.NoResourceFoundException: No static resource admin/settings for request '/admin/settings'.]
2026-05-18 20:35:59.779 INFO  26472 --- [RMI TCP Connection(12)-127.0.0.1] o.s.b.a.SpringApplicationAdminMXBeanRegistrar$SpringApplicationAdmin : Application shutdown requested.
2026-05-18 20:35:59.783 INFO  26472 --- [RMI TCP Connection(12)-127.0.0.1] o.s.boot.tomcat.GracefulShutdown : Commencing graceful shutdown. Waiting for active requests to complete
2026-05-18 20:35:59.784 INFO  26472 --- [tomcat-shutdown] o.a.coyote.http11.Http11NioProtocol : Pausing ProtocolHandler ["http-nio-8080"]
2026-05-18 20:36:00.059 INFO  26472 --- [tomcat-shutdown] o.s.boot.tomcat.GracefulShutdown : Graceful shutdown complete
2026-05-18 20:36:00.061 INFO  26472 --- [RMI TCP Connection(12)-127.0.0.1] o.a.coyote.http11.Http11NioProtocol : Stopping ProtocolHandler ["http-nio-8080"]
2026-05-18 20:36:00.070 INFO  26472 --- [RMI TCP Connection(12)-127.0.0.1] com.zaxxer.hikari.HikariDataSource : HikariPool-1 - Shutdown initiated...
2026-05-18 20:36:00.090 INFO  26472 --- [RMI TCP Connection(12)-127.0.0.1] com.zaxxer.hikari.HikariDataSource : HikariPool-1 - Shutdown completed.
