2026-05-19 20:58:31.744 INFO  48636 --- [main] com.ntalk.choi.NtalkApplicationTests : Starting NtalkApplicationTests using Java 17.0.12 with PID 48636 (started by jkljkl in C:\Dev_ntalk_project\ntalk)
2026-05-19 20:58:31.755 INFO  48636 --- [main] com.ntalk.choi.NtalkApplicationTests : No active profile set, falling back to 1 default profile: "default"
2026-05-19 20:58:34.180 INFO  48636 --- [main] o.s.cloud.context.scope.GenericScope : BeanFactory id=427ab0f7-6e4e-34ce-9244-1eb9696f2aef
2026-05-19 20:58:35.834 INFO  48636 --- [main] o.s.b.w.a.WelcomePageHandlerMapping : Adding welcome page template: index
2026-05-19 20:58:37.525 WARN  48636 --- [main] o.s.c.l.c.LoadBalancerCacheAutoConfiguration$LoadBalancerCaffeineWarnLogger : Spring Cloud LoadBalancer is currently working with the default cache. While this cache implementation is useful for development and tests, it's recommended to use Caffeine cache in production.You can switch to using Caffeine cache, by adding it and org.springframework.cache.caffeine.CaffeineCacheManager to the classpath.
2026-05-19 20:58:37.575 INFO  48636 --- [main] com.ntalk.choi.NtalkApplicationTests : Started NtalkApplicationTests in 7.097 seconds (process running for 11.351)
2026-05-19 20:59:04.431 INFO  47440 --- [restartedMain] com.ntalk.choi.NtalkApplication : Starting NtalkApplication using Java 17.0.12 with PID 47440 (C:\Dev_ntalk_project\ntalk\target\classes started by jkljkl in C:\Dev_ntalk_project\ntalk)
2026-05-19 20:59:04.437 INFO  47440 --- [restartedMain] com.ntalk.choi.NtalkApplication : No active profile set, falling back to 1 default profile: "default"
2026-05-19 20:59:04.526 INFO  47440 --- [restartedMain] o.s.b.d.e.DevToolsPropertyDefaultsPostProcessor : Devtools property defaults active! Set 'spring.devtools.add-properties' to 'false' to disable
2026-05-19 20:59:04.527 INFO  47440 --- [restartedMain] o.s.b.d.e.DevToolsPropertyDefaultsPostProcessor : For additional web related logging consider setting the 'logging.level.web' property to 'DEBUG'
2026-05-19 20:59:05.812 INFO  47440 --- [restartedMain] o.s.cloud.context.scope.GenericScope : BeanFactory id=0f82416e-8fe8-320d-828a-0a22a24a2ccb
2026-05-19 20:59:06.425 INFO  47440 --- [restartedMain] o.s.boot.tomcat.TomcatWebServer : Tomcat initialized with port 8080 (http)
2026-05-19 20:59:06.439 INFO  47440 --- [restartedMain] o.a.coyote.http11.Http11NioProtocol : Initializing ProtocolHandler ["http-nio-8080"]
2026-05-19 20:59:06.442 INFO  47440 --- [restartedMain] o.apache.catalina.core.StandardService : Starting service [Tomcat]
2026-05-19 20:59:06.443 INFO  47440 --- [restartedMain] o.apache.catalina.core.StandardEngine : Starting Servlet engine: [Apache Tomcat/11.0.20]
2026-05-19 20:59:06.515 INFO  47440 --- [restartedMain] o.s.b.w.c.s.WebApplicationContextInitializer : Root WebApplicationContext: initialization completed in 1988 ms
2026-05-19 20:59:07.075 INFO  47440 --- [restartedMain] o.s.b.w.a.WelcomePageHandlerMapping : Adding welcome page template: index
2026-05-19 20:59:07.714 WARN  47440 --- [restartedMain] o.s.c.l.c.LoadBalancerCacheAutoConfiguration$LoadBalancerCaffeineWarnLogger : Spring Cloud LoadBalancer is currently working with the default cache. While this cache implementation is useful for development and tests, it's recommended to use Caffeine cache in production.You can switch to using Caffeine cache, by adding it and org.springframework.cache.caffeine.CaffeineCacheManager to the classpath.
2026-05-19 20:59:07.777 INFO  47440 --- [restartedMain] o.a.coyote.http11.Http11NioProtocol : Starting ProtocolHandler ["http-nio-8080"]
2026-05-19 20:59:07.807 INFO  47440 --- [restartedMain] o.s.boot.tomcat.TomcatWebServer : Tomcat started on port 8080 (http) with context path '/'
2026-05-19 20:59:07.979 INFO  47440 --- [restartedMain] com.ntalk.choi.NtalkApplication : Started NtalkApplication in 4.537 seconds (process running for 5.936)
2026-05-19 20:59:47.695 INFO  47440 --- [http-nio-8080-exec-1] o.a.c.c.C.[Tomcat].[localhost].[/] : Initializing Spring DispatcherServlet 'dispatcherServlet'
2026-05-19 20:59:47.696 INFO  47440 --- [http-nio-8080-exec-1] o.s.web.servlet.DispatcherServlet : Initializing Servlet 'dispatcherServlet'
2026-05-19 20:59:47.702 INFO  47440 --- [http-nio-8080-exec-1] o.s.web.servlet.DispatcherServlet : Completed initialization in 6 ms
2026-05-19 21:00:05.904 INFO  47440 --- [http-nio-8080-exec-1] com.zaxxer.hikari.HikariDataSource : HikariPool-1 - Starting...
2026-05-19 21:00:06.298 INFO  47440 --- [http-nio-8080-exec-1] com.zaxxer.hikari.pool.HikariPool : HikariPool-1 - Added connection org.postgresql.jdbc.PgConnection@ef99906
2026-05-19 21:00:06.300 INFO  47440 --- [http-nio-8080-exec-1] com.zaxxer.hikari.HikariDataSource : HikariPool-1 - Start completed.
2026-05-19 21:02:08.259 INFO  47440 --- [RMI TCP Connection(11)-127.0.0.1] o.s.b.a.SpringApplicationAdminMXBeanRegistrar$SpringApplicationAdmin : Application shutdown requested.
2026-05-19 21:02:08.262 INFO  47440 --- [RMI TCP Connection(11)-127.0.0.1] o.s.boot.tomcat.GracefulShutdown : Commencing graceful shutdown. Waiting for active requests to complete
2026-05-19 21:02:08.264 INFO  47440 --- [tomcat-shutdown] o.a.coyote.http11.Http11NioProtocol : Pausing ProtocolHandler ["http-nio-8080"]
2026-05-19 21:02:08.502 INFO  47440 --- [tomcat-shutdown] o.s.boot.tomcat.GracefulShutdown : Graceful shutdown complete
2026-05-19 21:02:08.503 INFO  47440 --- [RMI TCP Connection(11)-127.0.0.1] o.a.coyote.http11.Http11NioProtocol : Stopping ProtocolHandler ["http-nio-8080"]
2026-05-19 21:02:08.508 INFO  47440 --- [RMI TCP Connection(11)-127.0.0.1] com.zaxxer.hikari.HikariDataSource : HikariPool-1 - Shutdown initiated...
2026-05-19 21:02:08.519 INFO  47440 --- [RMI TCP Connection(11)-127.0.0.1] com.zaxxer.hikari.HikariDataSource : HikariPool-1 - Shutdown completed.
2026-05-19 21:02:37.872 INFO  35968 --- [main] com.ntalk.choi.NtalkApplicationTests : Starting NtalkApplicationTests using Java 17.0.12 with PID 35968 (started by jkljkl in C:\Dev_ntalk_project\ntalk)
2026-05-19 21:02:37.875 INFO  35968 --- [main] com.ntalk.choi.NtalkApplicationTests : No active profile set, falling back to 1 default profile: "default"
2026-05-19 21:02:39.954 INFO  35968 --- [main] o.s.cloud.context.scope.GenericScope : BeanFactory id=427ab0f7-6e4e-34ce-9244-1eb9696f2aef
2026-05-19 21:02:41.484 INFO  35968 --- [main] o.s.b.w.a.WelcomePageHandlerMapping : Adding welcome page template: index
2026-05-19 21:02:42.673 WARN  35968 --- [main] o.s.c.l.c.LoadBalancerCacheAutoConfiguration$LoadBalancerCaffeineWarnLogger : Spring Cloud LoadBalancer is currently working with the default cache. While this cache implementation is useful for development and tests, it's recommended to use Caffeine cache in production.You can switch to using Caffeine cache, by adding it and org.springframework.cache.caffeine.CaffeineCacheManager to the classpath.
2026-05-19 21:02:42.721 INFO  35968 --- [main] com.ntalk.choi.NtalkApplicationTests : Started NtalkApplicationTests in 5.976 seconds (process running for 9.104)
2026-05-19 21:25:22.626 INFO  54244 --- [main] com.ntalk.choi.NtalkApplicationTests : Starting NtalkApplicationTests using Java 17.0.12 with PID 54244 (started by jkljkl in C:\Dev_ntalk_project\ntalk)
2026-05-19 21:25:22.628 INFO  54244 --- [main] com.ntalk.choi.NtalkApplicationTests : No active profile set, falling back to 1 default profile: "default"
2026-05-19 21:25:23.721 INFO  54244 --- [main] o.s.cloud.context.scope.GenericScope : BeanFactory id=6ea845da-6c14-3068-b817-78d76a9f2dba
2026-05-19 21:25:24.481 INFO  54244 --- [main] o.s.b.w.a.WelcomePageHandlerMapping : Adding welcome page template: index
2026-05-19 21:25:25.282 WARN  54244 --- [main] o.s.c.l.c.LoadBalancerCacheAutoConfiguration$LoadBalancerCaffeineWarnLogger : Spring Cloud LoadBalancer is currently working with the default cache. While this cache implementation is useful for development and tests, it's recommended to use Caffeine cache in production.You can switch to using Caffeine cache, by adding it and org.springframework.cache.caffeine.CaffeineCacheManager to the classpath.
2026-05-19 21:25:25.310 INFO  54244 --- [main] com.ntalk.choi.NtalkApplicationTests : Started NtalkApplicationTests in 3.277 seconds (process running for 4.965)
2026-05-19 21:26:19.875 INFO  33484 --- [main] com.ntalk.choi.NtalkApplicationTests : Starting NtalkApplicationTests using Java 17.0.12 with PID 33484 (started by jkljkl in C:\Dev_ntalk_project\ntalk)
2026-05-19 21:26:19.877 INFO  33484 --- [main] com.ntalk.choi.NtalkApplicationTests : No active profile set, falling back to 1 default profile: "default"
2026-05-19 21:26:21.300 INFO  33484 --- [main] o.s.cloud.context.scope.GenericScope : BeanFactory id=6ea845da-6c14-3068-b817-78d76a9f2dba
2026-05-19 21:26:23.245 INFO  33484 --- [main] o.s.b.w.a.WelcomePageHandlerMapping : Adding welcome page template: index
2026-05-19 21:26:24.738 WARN  33484 --- [main] o.s.c.l.c.LoadBalancerCacheAutoConfiguration$LoadBalancerCaffeineWarnLogger : Spring Cloud LoadBalancer is currently working with the default cache. While this cache implementation is useful for development and tests, it's recommended to use Caffeine cache in production.You can switch to using Caffeine cache, by adding it and org.springframework.cache.caffeine.CaffeineCacheManager to the classpath.
2026-05-19 21:26:24.783 INFO  33484 --- [main] com.ntalk.choi.NtalkApplicationTests : Started NtalkApplicationTests in 5.458 seconds (process running for 7.264)
2026-05-19 21:26:47.049 INFO  49956 --- [restartedMain] com.ntalk.choi.NtalkApplication : Starting NtalkApplication using Java 17.0.12 with PID 49956 (C:\Dev_ntalk_project\ntalk\target\classes started by jkljkl in C:\Dev_ntalk_project\ntalk)
2026-05-19 21:26:47.056 INFO  49956 --- [restartedMain] com.ntalk.choi.NtalkApplication : No active profile set, falling back to 1 default profile: "default"
2026-05-19 21:26:47.176 INFO  49956 --- [restartedMain] o.s.b.d.e.DevToolsPropertyDefaultsPostProcessor : Devtools property defaults active! Set 'spring.devtools.add-properties' to 'false' to disable
2026-05-19 21:26:47.176 INFO  49956 --- [restartedMain] o.s.b.d.e.DevToolsPropertyDefaultsPostProcessor : For additional web related logging consider setting the 'logging.level.web' property to 'DEBUG'
2026-05-19 21:26:50.225 INFO  49956 --- [restartedMain] o.s.cloud.context.scope.GenericScope : BeanFactory id=5f250b03-b376-3dc5-9d65-980f786bb547
2026-05-19 21:26:51.071 INFO  49956 --- [restartedMain] o.s.boot.tomcat.TomcatWebServer : Tomcat initialized with port 8080 (http)
2026-05-19 21:26:51.089 INFO  49956 --- [restartedMain] o.a.coyote.http11.Http11NioProtocol : Initializing ProtocolHandler ["http-nio-8080"]
2026-05-19 21:26:51.092 INFO  49956 --- [restartedMain] o.apache.catalina.core.StandardService : Starting service [Tomcat]
2026-05-19 21:26:51.092 INFO  49956 --- [restartedMain] o.apache.catalina.core.StandardEngine : Starting Servlet engine: [Apache Tomcat/11.0.20]
2026-05-19 21:26:51.177 INFO  49956 --- [restartedMain] o.s.b.w.c.s.WebApplicationContextInitializer : Root WebApplicationContext: initialization completed in 3999 ms
2026-05-19 21:26:51.832 INFO  49956 --- [restartedMain] o.s.b.w.a.WelcomePageHandlerMapping : Adding welcome page template: index
2026-05-19 21:26:52.417 WARN  49956 --- [restartedMain] o.s.c.l.c.LoadBalancerCacheAutoConfiguration$LoadBalancerCaffeineWarnLogger : Spring Cloud LoadBalancer is currently working with the default cache. While this cache implementation is useful for development and tests, it's recommended to use Caffeine cache in production.You can switch to using Caffeine cache, by adding it and org.springframework.cache.caffeine.CaffeineCacheManager to the classpath.
2026-05-19 21:26:52.460 INFO  49956 --- [restartedMain] o.a.coyote.http11.Http11NioProtocol : Starting ProtocolHandler ["http-nio-8080"]
2026-05-19 21:26:52.484 INFO  49956 --- [restartedMain] o.s.boot.tomcat.TomcatWebServer : Tomcat started on port 8080 (http) with context path '/'
2026-05-19 21:26:52.646 INFO  49956 --- [restartedMain] com.ntalk.choi.NtalkApplication : Started NtalkApplication in 6.95 seconds (process running for 8.029)
2026-05-19 21:27:03.186 INFO  49956 --- [http-nio-8080-exec-1] o.a.c.c.C.[Tomcat].[localhost].[/] : Initializing Spring DispatcherServlet 'dispatcherServlet'
2026-05-19 21:27:03.187 INFO  49956 --- [http-nio-8080-exec-1] o.s.web.servlet.DispatcherServlet : Initializing Servlet 'dispatcherServlet'
2026-05-19 21:27:03.189 INFO  49956 --- [http-nio-8080-exec-1] o.s.web.servlet.DispatcherServlet : Completed initialization in 2 ms
2026-05-19 21:27:22.149 INFO  49956 --- [http-nio-8080-exec-2] com.zaxxer.hikari.HikariDataSource : HikariPool-1 - Starting...
2026-05-19 21:27:22.439 INFO  49956 --- [http-nio-8080-exec-2] com.zaxxer.hikari.pool.HikariPool : HikariPool-1 - Added connection org.postgresql.jdbc.PgConnection@3865d333
2026-05-19 21:27:22.441 INFO  49956 --- [http-nio-8080-exec-2] com.zaxxer.hikari.HikariDataSource : HikariPool-1 - Start completed.
2026-05-19 21:28:06.343 ERROR 49956 --- [http-nio-8080-exec-10] c.n.c.c.common.GlobalExceptionHandler : Unhandled Exception caught in GlobalExceptionHandler: 
org.springframework.web.servlet.resource.NoResourceFoundException: No static resource js/session.js for request '/js/session.js'.
	at org.springframework.web.servlet.resource.ResourceHttpRequestHandler.handleRequest(ResourceHttpRequestHandler.java:527)
	at org.springframework.web.servlet.mvc.HttpRequestHandlerAdapter.handle(HttpRequestHandlerAdapter.java:50)
	at org.springframework.web.servlet.DispatcherServlet.doDispatch(DispatcherServlet.java:963)
	at org.springframework.web.servlet.DispatcherServlet.doService(DispatcherServlet.java:866)
	at org.springframework.web.servlet.FrameworkServlet.processRequest(FrameworkServlet.java:1000)
	at org.springframework.web.servlet.FrameworkServlet.doGet(FrameworkServlet.java:892)
	at jakarta.servlet.http.HttpServlet.service(HttpServlet.java:622)
	at org.springframework.web.servlet.FrameworkServlet.service(FrameworkServlet.java:874)
	at jakarta.servlet.http.HttpServlet.service(HttpServlet.java:710)
	at org.apache.catalina.core.ApplicationFilterChain.doFilter(ApplicationFilterChain.java:128)
	at org.apache.tomcat.websocket.server.WsFilter.doFilter(WsFilter.java:53)
	at org.apache.catalina.core.ApplicationFilterChain.doFilter(ApplicationFilterChain.java:107)
	at org.springframework.web.filter.RequestContextFilter.doFilterInternal(RequestContextFilter.java:100)
	at org.springframework.web.filter.OncePerRequestFilter.doFilter(OncePerRequestFilter.java:116)
	at org.apache.catalina.core.ApplicationFilterChain.doFilter(ApplicationFilterChain.java:107)
	at org.springframework.web.filter.FormContentFilter.doFilterInternal(FormContentFilter.java:93)
	at org.springframework.web.filter.OncePerRequestFilter.doFilter(OncePerRequestFilter.java:116)
	at org.apache.catalina.core.ApplicationFilterChain.doFilter(ApplicationFilterChain.java:107)
	at org.springframework.web.filter.CharacterEncodingFilter.doFilterInternal(CharacterEncodingFilter.java:199)
	at org.springframework.web.filter.OncePerRequestFilter.doFilter(OncePerRequestFilter.java:116)
	at org.apache.catalina.core.ApplicationFilterChain.doFilter(ApplicationFilterChain.java:107)
	at org.apache.catalina.core.StandardWrapperValve.invoke(StandardWrapperValve.java:165)
	at org.apache.catalina.core.StandardContextValve.invoke(StandardContextValve.java:77)
	at org.apache.catalina.authenticator.AuthenticatorBase.invoke(AuthenticatorBase.java:492)
	at org.apache.catalina.core.StandardHostValve.invoke(StandardHostValve.java:113)
	at org.apache.catalina.valves.ErrorReportValve.invoke(ErrorReportValve.java:83)
	at org.apache.catalina.core.StandardEngineValve.invoke(StandardEngineValve.java:72)
	at org.apache.catalina.connector.CoyoteAdapter.service(CoyoteAdapter.java:341)
	at org.apache.coyote.http11.Http11Processor.service(Http11Processor.java:397)
	at org.apache.coyote.AbstractProcessorLight.process(AbstractProcessorLight.java:63)
	at org.apache.coyote.AbstractProtocol$ConnectionHandler.process(AbstractProtocol.java:903)
	at org.apache.tomcat.util.net.NioEndpoint$SocketProcessor.doRun(NioEndpoint.java:1779)
	at org.apache.tomcat.util.net.SocketProcessorBase.run(SocketProcessorBase.java:52)
	at org.apache.tomcat.util.threads.ThreadPoolExecutor.runWorker(ThreadPoolExecutor.java:946)
	at org.apache.tomcat.util.threads.ThreadPoolExecutor$Worker.run(ThreadPoolExecutor.java:480)
	at org.apache.tomcat.util.threads.TaskThread$WrappingRunnable.run(TaskThread.java:57)
	at java.base/java.lang.Thread.run(Thread.java:842)
2026-05-19 21:28:06.353 WARN  49956 --- [http-nio-8080-exec-10] o.s.w.s.m.m.a.ExceptionHandlerExceptionResolver : Resolved [org.springframework.web.servlet.resource.NoResourceFoundException: No static resource js/session.js for request '/js/session.js'.]
2026-05-19 21:28:19.470 ERROR 49956 --- [http-nio-8080-exec-10] c.n.c.c.common.GlobalExceptionHandler : Unhandled Exception caught in GlobalExceptionHandler: 
org.springframework.web.servlet.resource.NoResourceFoundException: No static resource js/session.js for request '/js/session.js'.
	at org.springframework.web.servlet.resource.ResourceHttpRequestHandler.handleRequest(ResourceHttpRequestHandler.java:527)
	at org.springframework.web.servlet.mvc.HttpRequestHandlerAdapter.handle(HttpRequestHandlerAdapter.java:50)
	at org.springframework.web.servlet.DispatcherServlet.doDispatch(DispatcherServlet.java:963)
	at org.springframework.web.servlet.DispatcherServlet.doService(DispatcherServlet.java:866)
	at org.springframework.web.servlet.FrameworkServlet.processRequest(FrameworkServlet.java:1000)
	at org.springframework.web.servlet.FrameworkServlet.doGet(FrameworkServlet.java:892)
	at jakarta.servlet.http.HttpServlet.service(HttpServlet.java:622)
	at org.springframework.web.servlet.FrameworkServlet.service(FrameworkServlet.java:874)
	at jakarta.servlet.http.HttpServlet.service(HttpServlet.java:710)
	at org.apache.catalina.core.ApplicationFilterChain.doFilter(ApplicationFilterChain.java:128)
	at org.apache.tomcat.websocket.server.WsFilter.doFilter(WsFilter.java:53)
	at org.apache.catalina.core.ApplicationFilterChain.doFilter(ApplicationFilterChain.java:107)
	at org.springframework.web.filter.RequestContextFilter.doFilterInternal(RequestContextFilter.java:100)
	at org.springframework.web.filter.OncePerRequestFilter.doFilter(OncePerRequestFilter.java:116)
	at org.apache.catalina.core.ApplicationFilterChain.doFilter(ApplicationFilterChain.java:107)
	at org.springframework.web.filter.FormContentFilter.doFilterInternal(FormContentFilter.java:93)
	at org.springframework.web.filter.OncePerRequestFilter.doFilter(OncePerRequestFilter.java:116)
	at org.apache.catalina.core.ApplicationFilterChain.doFilter(ApplicationFilterChain.java:107)
	at org.springframework.web.filter.CharacterEncodingFilter.doFilterInternal(CharacterEncodingFilter.java:199)
	at org.springframework.web.filter.OncePerRequestFilter.doFilter(OncePerRequestFilter.java:116)
	at org.apache.catalina.core.ApplicationFilterChain.doFilter(ApplicationFilterChain.java:107)
	at org.apache.catalina.core.StandardWrapperValve.invoke(StandardWrapperValve.java:165)
	at org.apache.catalina.core.StandardContextValve.invoke(StandardContextValve.java:77)
	at org.apache.catalina.authenticator.AuthenticatorBase.invoke(AuthenticatorBase.java:492)
	at org.apache.catalina.core.StandardHostValve.invoke(StandardHostValve.java:113)
	at org.apache.catalina.valves.ErrorReportValve.invoke(ErrorReportValve.java:83)
	at org.apache.catalina.core.StandardEngineValve.invoke(StandardEngineValve.java:72)
	at org.apache.catalina.connector.CoyoteAdapter.service(CoyoteAdapter.java:341)
	at org.apache.coyote.http11.Http11Processor.service(Http11Processor.java:397)
	at org.apache.coyote.AbstractProcessorLight.process(AbstractProcessorLight.java:63)
	at org.apache.coyote.AbstractProtocol$ConnectionHandler.process(AbstractProtocol.java:903)
	at org.apache.tomcat.util.net.NioEndpoint$SocketProcessor.doRun(NioEndpoint.java:1779)
	at org.apache.tomcat.util.net.SocketProcessorBase.run(SocketProcessorBase.java:52)
	at org.apache.tomcat.util.threads.ThreadPoolExecutor.runWorker(ThreadPoolExecutor.java:946)
	at org.apache.tomcat.util.threads.ThreadPoolExecutor$Worker.run(ThreadPoolExecutor.java:480)
	at org.apache.tomcat.util.threads.TaskThread$WrappingRunnable.run(TaskThread.java:57)
	at java.base/java.lang.Thread.run(Thread.java:842)
2026-05-19 21:28:19.471 WARN  49956 --- [http-nio-8080-exec-10] o.s.w.s.m.m.a.ExceptionHandlerExceptionResolver : Resolved [org.springframework.web.servlet.resource.NoResourceFoundException: No static resource js/session.js for request '/js/session.js'.]
2026-05-19 21:28:43.049 INFO  49956 --- [RMI TCP Connection(10)-127.0.0.1] o.s.b.a.SpringApplicationAdminMXBeanRegistrar$SpringApplicationAdmin : Application shutdown requested.
2026-05-19 21:28:43.051 INFO  49956 --- [RMI TCP Connection(10)-127.0.0.1] o.s.boot.tomcat.GracefulShutdown : Commencing graceful shutdown. Waiting for active requests to complete
2026-05-19 21:28:43.052 INFO  49956 --- [tomcat-shutdown] o.a.coyote.http11.Http11NioProtocol : Pausing ProtocolHandler ["http-nio-8080"]
2026-05-19 21:28:43.207 INFO  49956 --- [tomcat-shutdown] o.s.boot.tomcat.GracefulShutdown : Graceful shutdown complete
2026-05-19 21:28:43.208 INFO  49956 --- [RMI TCP Connection(10)-127.0.0.1] o.a.coyote.http11.Http11NioProtocol : Stopping ProtocolHandler ["http-nio-8080"]
2026-05-19 21:28:43.214 INFO  49956 --- [RMI TCP Connection(10)-127.0.0.1] com.zaxxer.hikari.HikariDataSource : HikariPool-1 - Shutdown initiated...
2026-05-19 21:28:43.229 INFO  49956 --- [RMI TCP Connection(10)-127.0.0.1] com.zaxxer.hikari.HikariDataSource : HikariPool-1 - Shutdown completed.
2026-05-19 21:29:00.385 INFO  52328 --- [main] com.ntalk.choi.NtalkApplicationTests : Starting NtalkApplicationTests using Java 17.0.12 with PID 52328 (started by jkljkl in C:\Dev_ntalk_project\ntalk)
2026-05-19 21:29:00.387 INFO  52328 --- [main] com.ntalk.choi.NtalkApplicationTests : No active profile set, falling back to 1 default profile: "default"
2026-05-19 21:29:02.051 INFO  52328 --- [main] o.s.cloud.context.scope.GenericScope : BeanFactory id=6ea845da-6c14-3068-b817-78d76a9f2dba
2026-05-19 21:29:03.522 INFO  52328 --- [main] o.s.b.w.a.WelcomePageHandlerMapping : Adding welcome page template: index
2026-05-19 21:29:04.733 WARN  52328 --- [main] o.s.c.l.c.LoadBalancerCacheAutoConfiguration$LoadBalancerCaffeineWarnLogger : Spring Cloud LoadBalancer is currently working with the default cache. While this cache implementation is useful for development and tests, it's recommended to use Caffeine cache in production.You can switch to using Caffeine cache, by adding it and org.springframework.cache.caffeine.CaffeineCacheManager to the classpath.
2026-05-19 21:29:04.778 INFO  52328 --- [main] com.ntalk.choi.NtalkApplicationTests : Started NtalkApplicationTests in 5.046 seconds (process running for 7.49)
